<?xml version="1.0" encoding="UTF-8"?>
<!-- Generated by org.testng.reporters.JUnitReportReporter -->
<testsuite hostname="DESKTOP-16K4T19" failures="0" tests="1" name="TestRunner.TestClass" time="31.218" errors="0" timestamp="2023-08-04T04:25:45 IST" skipped="0">
  <testcase classname="TestRunner.TestClass" name="MMTApplication" time="31.218"/>
  <system-out/>
</testsuite> <!-- TestRunner.TestClass -->
