<?xml version="1.0" encoding="UTF-8"?>
<!-- Generated by org.testng.reporters.JUnitReportReporter -->
<testsuite hostname="DESKTOP-16K4T19" failures="0" tests="1" name="TestRunner.TestClass" time="133.586" errors="0" timestamp="2023-08-05T14:06:24 IST" skipped="0">
  <testcase classname="TestRunner.TestClass" name="MMTApplication" time="133.586"/>
  <system-out/>
</testsuite> <!-- TestRunner.TestClass -->
